<?xml version="1.0" encoding="UTF-8"?>
<!-- Generated by org.testng.reporters.JUnitReportReporter -->
<testsuite hostname="DESKTOP-2ODQRO1" failures="0" tests="1" name="com.test.TestNGSample" time="0.031" errors="0" timestamp="2019-12-17T00:24:47 IST" skipped="0">
  <testcase classname="com.test.TestNGSample" name="GoogleTitleTest" time="0.031"/>
</testsuite> <!-- com.test.TestNGSample -->
