<?xml version="1.0" encoding="UTF-8"?>
<!-- Generated by org.testng.reporters.JUnitReportReporter -->
<testsuite hostname="DESKTOP-2ODQRO1" failures="0" tests="1" name="SelAsh.SampleSel" time="0.000" errors="0" timestamp="2019-12-20T01:05:30 IST" skipped="1">
  <testcase classname="SelAsh.SampleSel" name="RegistrationSite" time="0.000">
    <skipped/>
  </testcase> <!-- RegistrationSite -->
</testsuite> <!-- SelAsh.SampleSel -->
